[debug] [2023-04-27T17:38:10.510Z] ----------------------------------------------------------------------
[debug] [2023-04-27T17:38:10.513Z] Command:       C:\Program Files\nodejs\node.exe C:\Users\aarya\AppData\Roaming\npm\node_modules\firebase-tools\lib\bin\firebase.js init
[debug] [2023-04-27T17:38:10.513Z] CLI Version:   11.29.1
[debug] [2023-04-27T17:38:10.514Z] Platform:      win32
[debug] [2023-04-27T17:38:10.514Z] Node Version:  v18.16.0
[debug] [2023-04-27T17:38:10.514Z] Time:          Thu Apr 27 2023 23:08:10 GMT+0530 (India Standard Time)
[debug] [2023-04-27T17:38:10.515Z] ----------------------------------------------------------------------
[debug] 
[debug] [2023-04-27T17:38:10.522Z] > command requires scopes: ["email","openid","https://www.googleapis.com/auth/cloudplatformprojects.readonly","https://www.googleapis.com/auth/firebase","https://www.googleapis.com/auth/cloud-platform"]
[debug] [2023-04-27T17:38:10.522Z] > authorizing via signed-in user (aaryan01prasad@gmail.com)
[info] 
     ######## #### ########  ######## ########     ###     ######  ########
     ##        ##  ##     ## ##       ##     ##  ##   ##  ##       ##
     ######    ##  ########  ######   ########  #########  ######  ######
     ##        ##  ##    ##  ##       ##     ## ##     ##       ## ##
     ##       #### ##     ## ######## ########  ##     ##  ######  ########

You're about to initialize a Firebase project in this directory:

  C:\Users\aarya\Documents\HTML Projects\dbms project\fullstack-admin\server

[info] 
=== Project Setup
[info] 
[info] First, let's associate this project directory with a Firebase project.
[info] You can create multiple project aliases by running firebase use --add, 
[info] but for now we'll just set up a default project.
[info] 
[debug] [2023-04-27T17:39:03.378Z] >>> [apiv2][query] GET https://firebase.googleapis.com/v1beta1/projects pageSize=100
[debug] [2023-04-27T17:39:06.448Z] <<< [apiv2][status] GET https://firebase.googleapis.com/v1beta1/projects 200
[debug] [2023-04-27T17:39:06.448Z] <<< [apiv2][body] GET https://firebase.googleapis.com/v1beta1/projects [omitted]
[info] i  Using project dbms-5dd82 (dbms) 
[info] 
=== Hosting Setup
[info] 
[info] Your public directory is the folder (relative to your project directory) that
[info] will contain Hosting assets to be uploaded with firebase deploy. If you
[info] have a build process for your assets, use your build's output directory.
[info] 
[info] +  Wrote public/404.html 
[debug] [2023-04-27T17:39:31.146Z] >>> [apiv2][query] GET https://www.gstatic.com/firebasejs/releases.json [none]
[debug] [2023-04-27T17:39:32.034Z] <<< [apiv2][status] GET https://www.gstatic.com/firebasejs/releases.json 200
[debug] [2023-04-27T17:39:32.035Z] <<< [apiv2][body] GET https://www.gstatic.com/firebasejs/releases.json {"current":{"version":"9.20.0","browserURL":"https://www.gstatic.com/firebasejs/9.20.0/firebase.js","packageURL":"https://www.gstatic.com/firebasejs/9.20.0/firebase.tgz"},"live":{"version":"9.20","browserURL":"https://www.gstatic.com/firebasejs/live/9.20/firebase.js","packageURL":"https://www.gstatic.com/firebasejs/live/9.20/firebase.tgz"},"components":{"analytics":"https://www.gstatic.com/firebasejs/9.20.0/firebase-analytics.js","app":"https://www.gstatic.com/firebasejs/9.20.0/firebase-app.js","app-check":"https://www.gstatic.com/firebasejs/9.20.0/firebase-app-check.js","auth":"https://www.gstatic.com/firebasejs/9.20.0/firebase-auth.js","auth/cordova":"https://www.gstatic.com/firebasejs/9.20.0/firebase-auth/cordova.js","auth/react-native":"https://www.gstatic.com/firebasejs/9.20.0/firebase-auth/react-native.js","functions":"https://www.gstatic.com/firebasejs/9.20.0/firebase-functions.js","firestore":"https://www.gstatic.com/firebasejs/9.20.0/firebase-firestore.js","firestore/lite":"https://www.gstatic.com/firebasejs/9.20.0/firebase-firestore/lite.js","installations":"https://www.gstatic.com/firebasejs/9.20.0/firebase-installations.js","storage":"https://www.gstatic.com/firebasejs/9.20.0/firebase-storage.js","performance":"https://www.gstatic.com/firebasejs/9.20.0/firebase-performance.js","remote-config":"https://www.gstatic.com/firebasejs/9.20.0/firebase-remote-config.js","messaging":"https://www.gstatic.com/firebasejs/9.20.0/firebase-messaging.js","messaging/sw":"https://www.gstatic.com/firebasejs/9.20.0/firebase-messaging/sw.js","database":"https://www.gstatic.com/firebasejs/9.20.0/firebase-database.js","firestore.memory":"https://www.gstatic.com/firebasejs/9.20.0/firebase-firestore.memory.js"}}
[info] +  Wrote public/index.html 
[info] 
[info] i  Detected a .git folder at C:\Users\aarya\Documents\HTML Projects\dbms project\fullstack-admin 
[info] i  Authorizing with GitHub to upload your service account to a GitHub repository's secrets store. 
[info] 
[info] Visit this URL on this device to log in:
[info] https://github.com/login/oauth/authorize?client_id=89cf50f02ac6aaed3484&state=882461034&redirect_uri=http%3A%2F%2Flocalhost%3A9005&scope=read%3Auser%20repo%20public_repo
[info] 
[info] Waiting for authentication...
[debug] [2023-04-27T17:39:38.348Z] >>> [apiv2][query] POST https://github.com/login/oauth/access_token [none]
[debug] [2023-04-27T17:39:38.349Z] >>> [apiv2][body] POST https://github.com/login/oauth/access_token [stream]
[debug] [2023-04-27T17:39:40.136Z] <<< [apiv2][status] POST https://github.com/login/oauth/access_token 200
[debug] [2023-04-27T17:39:40.136Z] <<< [apiv2][body] POST https://github.com/login/oauth/access_token {"access_token":"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","token_type":"bearer","scope":"read:user,repo"}
[debug] [2023-04-27T17:39:40.158Z] >>> [apiv2][query] GET https://api.github.com/user [none]
[debug] [2023-04-27T17:39:41.830Z] <<< [apiv2][status] GET https://api.github.com/user 200
[debug] [2023-04-27T17:39:41.831Z] <<< [apiv2][body] GET https://api.github.com/user {"login":"Aaryan015","id":114616566,"node_id":"U_kgDOBtTo9g","avatar_url":"https://avatars.githubusercontent.com/u/114616566?v=4","gravatar_id":"","url":"https://api.github.com/users/Aaryan015","html_url":"https://github.com/Aaryan015","followers_url":"https://api.github.com/users/Aaryan015/followers","following_url":"https://api.github.com/users/Aaryan015/following{/other_user}","gists_url":"https://api.github.com/users/Aaryan015/gists{/gist_id}","starred_url":"https://api.github.com/users/Aaryan015/starred{/owner}{/repo}","subscriptions_url":"https://api.github.com/users/Aaryan015/subscriptions","organizations_url":"https://api.github.com/users/Aaryan015/orgs","repos_url":"https://api.github.com/users/Aaryan015/repos","events_url":"https://api.github.com/users/Aaryan015/events{/privacy}","received_events_url":"https://api.github.com/users/Aaryan015/received_events","type":"User","site_admin":false,"name":"Aaryan Prasad","company":null,"blog":"","location":null,"email":null,"hireable":null,"bio":null,"twitter_username":null,"public_repos":17,"public_gists":0,"followers":0,"following":0,"created_at":"2022-09-28T19:30:19Z","updated_at":"2023-04-26T04:56:13Z","private_gists":0,"total_private_repos":1,"owned_private_repos":1,"disk_usage":91,"collaborators":0,"two_factor_authentication":false,"plan":{"name":"free","space":976562499,"collaborators":0,"private_repos":10000}}
[info] 
[info] +  Success! Logged into GitHub as Aaryan015 
[info] 
[debug] [2023-04-27T17:40:39.699Z] >>> [apiv2][query] GET https://api.github.com/repos/C:\Users\aarya\Documents\HTML Projects\dbms project\fullstack-admin\server/actions/secrets/public-key type=owner
[debug] [2023-04-27T17:40:41.117Z] <<< [apiv2][status] GET https://api.github.com/repos/C:\Users\aarya\Documents\HTML Projects\dbms project\fullstack-admin\server/actions/secrets/public-key 404
[debug] [2023-04-27T17:40:41.117Z] <<< [apiv2][body] GET https://api.github.com/repos/C:\Users\aarya\Documents\HTML Projects\dbms project\fullstack-admin\server/actions/secrets/public-key {"message":"Not Found","documentation_url":"https://docs.github.com/rest"}
[info] 
[info] 
[error] !  The provided authorization cannot be used with this repository. If this repository is in an organization, did you remember to grant access? 
[info] 
[info] i  Action required: Visit this URL to ensure access has been granted to the appropriate organization(s) for the Firebase CLI GitHub OAuth App: 
[info] https://github.com/settings/connections/applications/89cf50f02ac6aaed3484
[info] 
